# JRE version: Java(TM) SE Runtime Environment (8.0_65-b17) (build 1.8.0_65-b17)
# Java VM: Java HotSpot(TM) 64-Bit Server VM (25.65-b01 mixed mode windows-amd64 compressed oops)
Heap:
 PSYoungGen      total 125952K, used 72987K [0x00000000f5580000, 0x0000000100000000, 0x0000000100000000)
  eden space 77312K, 94% used [0x00000000f5580000,0x00000000f9cc6e38,0x00000000fa100000)
  from space 48640K, 0% used [0x00000000fa100000,0x00000000fa100000,0x00000000fd080000)
  to   space 46592K, 0% used [0x00000000fd280000,0x00000000fd280000,0x0000000100000000)
 ParOldGen       total 286720K, used 153905K [0x00000000e0000000, 0x00000000f1800000, 0x00000000f5580000)
  object space 286720K, 53% used [0x00000000e0000000,0x00000000e964c438,0x00000000f1800000)
 Metaspace       used 89781K, capacity 94594K, committed 95104K, reserved 1130496K
  class space    used 12591K, capacity 13526K, committed 13696K, reserved 1048576K
GC Heap History (10 events):
Event: 363.443 GC heap before
{Heap before GC invocations=19 (full 3):
 PSYoungGen      total 143360K, used 142940K [0x00000000f5580000, 0x00000000ffd00000, 0x0000000100000000)
  eden space 131584K, 100% used [0x00000000f5580000,0x00000000fd600000,0x00000000fd600000)
  from space 11776K, 96% used [0x00000000fd600000,0x00000000fe117078,0x00000000fe180000)
  to   space 19968K, 0% used [0x00000000fe980000,0x00000000fe980000,0x00000000ffd00000)
 ParOldGen       total 175104K, used 61613K [0x00000000e0000000, 0x00000000eab00000, 0x00000000f5580000)
  object space 175104K, 35% used [0x00000000e0000000,0x00000000e3c2b530,0x00000000eab00000)
 Metaspace       used 83752K, capacity 88076K, committed 88320K, reserved 1124352K
  class space    used 11662K, capacity 12537K, committed 12544K, reserved 1048576K
Event: 363.585 GC heap after
Heap after GC invocations=19 (full 3):
 PSYoungGen      total 148992K, used 19200K [0x00000000f5580000, 0x0000000100000000, 0x0000000100000000)
  eden space 129024K, 0% used [0x00000000f5580000,0x00000000f5580000,0x00000000fd380000)
  from space 19968K, 96% used [0x00000000fe980000,0x00000000ffc40128,0x00000000ffd00000)
  to   space 22528K, 0% used [0x00000000fd380000,0x00000000fd380000,0x00000000fe980000)
 ParOldGen       total 175104K, used 68199K [0x00000000e0000000, 0x00000000eab00000, 0x00000000f5580000)
  object space 175104K, 38% used [0x00000000e0000000,0x00000000e4299e50,0x00000000eab00000)
 Metaspace       used 83752K, capacity 88076K, committed 88320K, reserved 1124352K
  class space    used 11662K, capacity 12537K, committed 12544K, reserved 1048576K
}
Event: 364.529 GC heap before
{Heap before GC invocations=20 (full 3):
 PSYoungGen      total 148992K, used 148224K [0x00000000f5580000, 0x0000000100000000, 0x0000000100000000)
  eden space 129024K, 100% used [0x00000000f5580000,0x00000000fd380000,0x00000000fd380000)
  from space 19968K, 96% used [0x00000000fe980000,0x00000000ffc40128,0x00000000ffd00000)
  to   space 22528K, 0% used [0x00000000fd380000,0x00000000fd380000,0x00000000fe980000)
 ParOldGen       total 175104K, used 68199K [0x00000000e0000000, 0x00000000eab00000, 0x00000000f5580000)
  object space 175104K, 38% used [0x00000000e0000000,0x00000000e4299e50,0x00000000eab00000)
 Metaspace       used 86965K, capacity 91560K, committed 91776K, reserved 1128448K
  class space    used 12226K, capacity 13119K, committed 13184K, reserved 1048576K
Event: 364.688 GC heap after
Heap after GC invocations=20 (full 3):
 PSYoungGen      total 151552K, used 22512K [0x00000000f5580000, 0x0000000100000000, 0x0000000100000000)
  eden space 129024K, 0% used [0x00000000f5580000,0x00000000f5580000,0x00000000fd380000)
  from space 22528K, 99% used [0x00000000fd380000,0x00000000fe97c388,0x00000000fe980000)
  to   space 23040K, 0% used [0x00000000fe980000,0x00000000fe980000,0x0000000100000000)
 ParOldGen       total 175104K, used 109833K [0x00000000e0000000, 0x00000000eab00000, 0x00000000f5580000)
  object space 175104K, 62% used [0x00000000e0000000,0x00000000e6b42578,0x00000000eab00000)
 Metaspace       used 86965K, capacity 91560K, committed 91776K, reserved 1128448K
  class space    used 12226K, capacity 13119K, committed 13184K, reserved 1048576K
}
Event: 367.035 GC heap before
{Heap before GC invocations=21 (full 3):
 PSYoungGen      total 151552K, used 151536K [0x00000000f5580000, 0x0000000100000000, 0x0000000100000000)
  eden space 129024K, 100% used [0x00000000f5580000,0x00000000fd380000,0x00000000fd380000)
  from space 22528K, 99% used [0x00000000fd380000,0x00000000fe97c388,0x00000000fe980000)
  to   space 23040K, 0% used [0x00000000fe980000,0x00000000fe980000,0x0000000100000000)
 ParOldGen       total 175104K, used 109833K [0x00000000e0000000, 0x00000000eab00000, 0x00000000f5580000)
  object space 175104K, 62% used [0x00000000e0000000,0x00000000e6b42578,0x00000000eab00000)
 Metaspace       used 89588K, capacity 94650K, committed 94848K, reserved 1130496K
  class space    used 12606K, capacity 13592K, committed 13696K, reserved 1048576K
Event: 367.081 GC heap after
Heap after GC invocations=21 (full 3):
 PSYoungGen      total 100352K, used 23031K [0x00000000f5580000, 0x0000000100000000, 0x0000000100000000)
  eden space 77312K, 0% used [0x00000000f5580000,0x00000000f5580000,0x00000000fa100000)
  from space 23040K, 99% used [0x00000000fe980000,0x00000000ffffdfa8,0x0000000100000000)
  to   space 48640K, 0% used [0x00000000fa100000,0x00000000fa100000,0x00000000fd080000)
 ParOldGen       total 175104K, used 131153K [0x00000000e0000000, 0x00000000eab00000, 0x00000000f5580000)
  object space 175104K, 74% used [0x00000000e0000000,0x00000000e80144f8,0x00000000eab00000)
 Metaspace       used 89588K, capacity 94650K, committed 94848K, reserved 1130496K
  class space    used 12606K, capacity 13592K, committed 13696K, reserved 1048576K
}
Event: 367.381 GC heap before
{Heap before GC invocations=22 (full 3):
 PSYoungGen      total 100352K, used 100343K [0x00000000f5580000, 0x0000000100000000, 0x0000000100000000)
  eden space 77312K, 100% used [0x00000000f5580000,0x00000000fa100000,0x00000000fa100000)
  from space 23040K, 99% used [0x00000000fe980000,0x00000000ffffdfa8,0x0000000100000000)
  to   space 48640K, 0% used [0x00000000fa100000,0x00000000fa100000,0x00000000fd080000)
 ParOldGen       total 175104K, used 131153K [0x00000000e0000000, 0x00000000eab00000, 0x00000000f5580000)
  object space 175104K, 74% used [0x00000000e0000000,0x00000000e80144f8,0x00000000eab00000)
 Metaspace       used 89872K, capacity 94948K, committed 95104K, reserved 1130496K
  class space    used 12641K, capacity 13615K, committed 13696K, reserved 1048576K
Event: 367.418 GC heap after
Heap after GC invocations=22 (full 3):
 PSYoungGen      total 125952K, used 15151K [0x00000000f5580000, 0x0000000100000000, 0x0000000100000000)
  eden space 77312K, 0% used [0x00000000f5580000,0x00000000f5580000,0x00000000fa100000)
  from space 48640K, 31% used [0x00000000fa100000,0x00000000fafcbec0,0x00000000fd080000)
  to   space 46592K, 0% used [0x00000000fd280000,0x00000000fd280000,0x0000000100000000)
 ParOldGen       total 175104K, used 154205K [0x00000000e0000000, 0x00000000eab00000, 0x00000000f5580000)
  object space 175104K, 88% used [0x00000000e0000000,0x00000000e96977b8,0x00000000eab00000)
 Metaspace       used 89872K, capacity 94948K, committed 95104K, reserved 1130496K
  class space    used 12641K, capacity 13615K, committed 13696K, reserved 1048576K
}
Event: 367.422 GC heap before
{Heap before GC invocations=23 (full 4):
 PSYoungGen      total 125952K, used 15151K [0x00000000f5580000, 0x0000000100000000, 0x0000000100000000)
  eden space 77312K, 0% used [0x00000000f5580000,0x00000000f5580000,0x00000000fa100000)
  from space 48640K, 31% used [0x00000000fa100000,0x00000000fafcbec0,0x00000000fd080000)
  to   space 46592K, 0% used [0x00000000fd280000,0x00000000fd280000,0x0000000100000000)
 ParOldGen       total 175104K, used 154205K [0x00000000e0000000, 0x00000000eab00000, 0x00000000f5580000)
  object space 175104K, 88% used [0x00000000e0000000,0x00000000e96977b8,0x00000000eab00000)
 Metaspace       used 89872K, capacity 94948K, committed 95104K, reserved 1130496K
  class space    used 12641K, capacity 13615K, committed 13696K, reserved 1048576K
Event: 372.792 GC heap after
Heap after GC invocations=23 (full 4):
 PSYoungGen      total 125952K, used 0K [0x00000000f5580000, 0x0000000100000000, 0x0000000100000000)
  eden space 77312K, 0% used [0x00000000f5580000,0x00000000f5580000,0x00000000fa100000)
  from space 48640K, 0% used [0x00000000fa100000,0x00000000fa100000,0x00000000fd080000)
  to   space 46592K, 0% used [0x00000000fd280000,0x00000000fd280000,0x0000000100000000)
 ParOldGen       total 286720K, used 153905K [0x00000000e0000000, 0x00000000f1800000, 0x00000000f5580000)
  object space 286720K, 53% used [0x00000000e0000000,0x00000000e964c438,0x00000000f1800000)
 Metaspace       used 89714K, capacity 94510K, committed 95104K, reserved 1130496K
  class space    used 12587K, capacity 13522K, committed 13696K, reserved 1048576K
}

